# JRE version: Java(TM) SE Runtime Environment (8.0_281-b09) (build 1.8.0_281-b09)
# Java VM: Java HotSpot(TM) 64-Bit Server VM (25.281-b09 mixed mode windows-amd64 compressed oops)
Heap:
 PSYoungGen      total 498176K, used 90421K [0x0000000715b00000, 0x000000074b380000, 0x00000007c0000000)
  eden space 458240K, 11% used [0x0000000715b00000,0x0000000718c53bf0,0x0000000731a80000)
  from space 39936K, 99% used [0x0000000748c80000,0x000000074b379b40,0x000000074b380000)
  to   space 25600K, 0% used [0x0000000731a80000,0x0000000731a80000,0x0000000733380000)
 ParOldGen       total 211456K, used 135369K [0x00000005c1000000, 0x00000005cde80000, 0x0000000715b00000)
  object space 211456K, 64% used [0x00000005c1000000,0x00000005c94327f0,0x00000005cde80000)
 Metaspace       used 76247K, capacity 77326K, committed 77568K, reserved 1116160K
  class space    used 11326K, capacity 11520K, committed 11520K, reserved 1048576K
GC Heap History (10 events):
Event: 19.913 GC heap before
{Heap before GC invocations=7 (full 2):
 PSYoungGen      total 277504K, used 246990K [0x0000000715b00000, 0x0000000727f80000, 0x00000007c0000000)
  eden space 256000K, 96% used [0x0000000715b00000,0x0000000724c33b98,0x0000000725500000)
  from space 21504K, 0% used [0x0000000726a00000,0x0000000726a00000,0x0000000727f00000)
  to   space 21504K, 0% used [0x0000000725500000,0x0000000725500000,0x0000000726a00000)
 ParOldGen       total 168448K, used 12328K [0x00000005c1000000, 0x00000005cb480000, 0x0000000715b00000)
  object space 168448K, 7% used [0x00000005c1000000,0x00000005c1c0a0c0,0x00000005cb480000)
 Metaspace       used 58302K, capacity 58660K, committed 59008K, reserved 1099776K
  class space    used 8444K, capacity 8554K, committed 8576K, reserved 1048576K
Event: 19.951 GC heap after
Heap after GC invocations=7 (full 2):
 PSYoungGen      total 277504K, used 21499K [0x0000000715b00000, 0x0000000735b00000, 0x00000007c0000000)
  eden space 256000K, 0% used [0x0000000715b00000,0x0000000715b00000,0x0000000725500000)
  from space 21504K, 99% used [0x0000000725500000,0x00000007269feda8,0x0000000726a00000)
  to   space 27136K, 0% used [0x0000000734080000,0x0000000734080000,0x0000000735b00000)
 ParOldGen       total 168448K, used 16534K [0x00000005c1000000, 0x00000005cb480000, 0x0000000715b00000)
  object space 168448K, 9% used [0x00000005c1000000,0x00000005c20259d8,0x00000005cb480000)
 Metaspace       used 58302K, capacity 58660K, committed 59008K, reserved 1099776K
  class space    used 8444K, capacity 8554K, committed 8576K, reserved 1048576K
}
Event: 19.951 GC heap before
{Heap before GC invocations=8 (full 3):
 PSYoungGen      total 277504K, used 21499K [0x0000000715b00000, 0x0000000735b00000, 0x00000007c0000000)
  eden space 256000K, 0% used [0x0000000715b00000,0x0000000715b00000,0x0000000725500000)
  from space 21504K, 99% used [0x0000000725500000,0x00000007269feda8,0x0000000726a00000)
  to   space 27136K, 0% used [0x0000000734080000,0x0000000734080000,0x0000000735b00000)
 ParOldGen       total 168448K, used 16534K [0x00000005c1000000, 0x00000005cb480000, 0x0000000715b00000)
  object space 168448K, 9% used [0x00000005c1000000,0x00000005c20259d8,0x00000005cb480000)
 Metaspace       used 58302K, capacity 58660K, committed 59008K, reserved 1099776K
  class space    used 8444K, capacity 8554K, committed 8576K, reserved 1048576K
Event: 20.171 GC heap after
Heap after GC invocations=8 (full 3):
 PSYoungGen      total 277504K, used 0K [0x0000000715b00000, 0x0000000735b00000, 0x00000007c0000000)
  eden space 256000K, 0% used [0x0000000715b00000,0x0000000715b00000,0x0000000725500000)
  from space 21504K, 0% used [0x0000000725500000,0x0000000725500000,0x0000000726a00000)
  to   space 27136K, 0% used [0x0000000734080000,0x0000000734080000,0x0000000735b00000)
 ParOldGen       total 211456K, used 33787K [0x00000005c1000000, 0x00000005cde80000, 0x0000000715b00000)
  object space 211456K, 15% used [0x00000005c1000000,0x00000005c30fecc8,0x00000005cde80000)
 Metaspace       used 58302K, capacity 58660K, committed 59008K, reserved 1099776K
  class space    used 8444K, capacity 8554K, committed 8576K, reserved 1048576K
}
Event: 21.961 GC heap before
{Heap before GC invocations=9 (full 3):
 PSYoungGen      total 277504K, used 256000K [0x0000000715b00000, 0x0000000735b00000, 0x00000007c0000000)
  eden space 256000K, 100% used [0x0000000715b00000,0x0000000725500000,0x0000000725500000)
  from space 21504K, 0% used [0x0000000725500000,0x0000000725500000,0x0000000726a00000)
  to   space 27136K, 0% used [0x0000000734080000,0x0000000734080000,0x0000000735b00000)
 ParOldGen       total 211456K, used 33787K [0x00000005c1000000, 0x00000005cde80000, 0x0000000715b00000)
  object space 211456K, 15% used [0x00000005c1000000,0x00000005c30fecc8,0x00000005cde80000)
 Metaspace       used 66963K, capacity 67334K, committed 67712K, reserved 1107968K
  class space    used 9916K, capacity 10043K, committed 10112K, reserved 1048576K
Event: 22.063 GC heap after
Heap after GC invocations=9 (full 3):
 PSYoungGen      total 467968K, used 11912K [0x0000000715b00000, 0x0000000734c80000, 0x00000007c0000000)
  eden space 455680K, 0% used [0x0000000715b00000,0x0000000715b00000,0x0000000731800000)
  from space 12288K, 96% used [0x0000000734080000,0x0000000734c22058,0x0000000734c80000)
  to   space 25600K, 0% used [0x0000000731a80000,0x0000000731a80000,0x0000000733380000)
 ParOldGen       total 211456K, used 33795K [0x00000005c1000000, 0x00000005cde80000, 0x0000000715b00000)
  object space 211456K, 15% used [0x00000005c1000000,0x00000005c3100cc8,0x00000005cde80000)
 Metaspace       used 66963K, capacity 67334K, committed 67712K, reserved 1107968K
  class space    used 9916K, capacity 10043K, committed 10112K, reserved 1048576K
}
Event: 25.675 GC heap before
{Heap before GC invocations=10 (full 3):
 PSYoungGen      total 467968K, used 467592K [0x0000000715b00000, 0x0000000734c80000, 0x00000007c0000000)
  eden space 455680K, 100% used [0x0000000715b00000,0x0000000731800000,0x0000000731800000)
  from space 12288K, 96% used [0x0000000734080000,0x0000000734c22058,0x0000000734c80000)
  to   space 25600K, 0% used [0x0000000731a80000,0x0000000731a80000,0x0000000733380000)
 ParOldGen       total 211456K, used 33795K [0x00000005c1000000, 0x00000005cde80000, 0x0000000715b00000)
  object space 211456K, 15% used [0x00000005c1000000,0x00000005c3100cc8,0x00000005cde80000)
 Metaspace       used 75202K, capacity 75984K, committed 76160K, reserved 1114112K
  class space    used 11185K, capacity 11382K, committed 11392K, reserved 1048576K
Event: 25.804 GC heap after
Heap after GC invocations=10 (full 3):
 PSYoungGen      total 483840K, used 25592K [0x0000000715b00000, 0x000000074b380000, 0x00000007c0000000)
  eden space 458240K, 0% used [0x0000000715b00000,0x0000000715b00000,0x0000000731a80000)
  from space 25600K, 99% used [0x0000000731a80000,0x000000073337e0c8,0x0000000733380000)
  to   space 39936K, 0% used [0x0000000748c80000,0x0000000748c80000,0x000000074b380000)
 ParOldGen       total 211456K, used 53970K [0x00000005c1000000, 0x00000005cde80000, 0x0000000715b00000)
  object space 211456K, 25% used [0x00000005c1000000,0x00000005c44b4b68,0x00000005cde80000)
 Metaspace       used 75202K, capacity 75984K, committed 76160K, reserved 1114112K
  class space    used 11185K, capacity 11382K, committed 11392K, reserved 1048576K
}
Event: 31.485 GC heap before
{Heap before GC invocations=11 (full 3):
 PSYoungGen      total 483840K, used 483832K [0x0000000715b00000, 0x000000074b380000, 0x00000007c0000000)
  eden space 458240K, 100% used [0x0000000715b00000,0x0000000731a80000,0x0000000731a80000)
  from space 25600K, 99% used [0x0000000731a80000,0x000000073337e0c8,0x0000000733380000)
  to   space 39936K, 0% used [0x0000000748c80000,0x0000000748c80000,0x000000074b380000)
 ParOldGen       total 211456K, used 53970K [0x00000005c1000000, 0x00000005cde80000, 0x0000000715b00000)
  object space 211456K, 25% used [0x00000005c1000000,0x00000005c44b4b68,0x00000005cde80000)
 Metaspace       used 76222K, capacity 77322K, committed 77568K, reserved 1116160K
  class space    used 11326K, capacity 11520K, committed 11520K, reserved 1048576K
Event: 31.547 GC heap after
Heap after GC invocations=11 (full 3):
 PSYoungGen      total 498176K, used 39910K [0x0000000715b00000, 0x000000074b380000, 0x00000007c0000000)
  eden space 458240K, 0% used [0x0000000715b00000,0x0000000715b00000,0x0000000731a80000)
  from space 39936K, 99% used [0x0000000748c80000,0x000000074b379b40,0x000000074b380000)
  to   space 25600K, 0% used [0x0000000731a80000,0x0000000731a80000,0x0000000733380000)
 ParOldGen       total 211456K, used 135369K [0x00000005c1000000, 0x00000005cde80000, 0x0000000715b00000)
  object space 211456K, 64% used [0x00000005c1000000,0x00000005c94327f0,0x00000005cde80000)
 Metaspace       used 76222K, capacity 77322K, committed 77568K, reserved 1116160K
  class space    used 11326K, capacity 11520K, committed 11520K, reserved 1048576K
}

