# JRE version: Java(TM) SE Runtime Environment (8.0_281-b09) (build 1.8.0_281-b09)
# Java VM: Java HotSpot(TM) 64-Bit Server VM (25.281-b09 mixed mode windows-amd64 compressed oops)
Heap:
 PSYoungGen      total 2342912K, used 1771091K [0x0000000715b00000, 0x00000007be800000, 0x00000007c0000000)
  eden space 1947136K, 90% used [0x0000000715b00000,0x0000000781c94c78,0x000000078c880000)
  from space 395776K, 0% used [0x000000078c880000,0x000000078c880000,0x00000007a4b00000)
  to   space 389120K, 0% used [0x00000007a6c00000,0x00000007a6c00000,0x00000007be800000)
 ParOldGen       total 4158976K, used 3286449K [0x00000005c1000000, 0x00000006bed80000, 0x0000000715b00000)
  object space 4158976K, 79% used [0x00000005c1000000,0x000000068996c700,0x00000006bed80000)
 Metaspace       used 101788K, capacity 104236K, committed 109952K, reserved 1142784K
  class space    used 13805K, capacity 14383K, committed 15744K, reserved 1048576K
GC Heap History (10 events):
Event: 277.355 GC heap before
{Heap before GC invocations=170 (full 16):
 PSYoungGen      total 1911296K, used 1910959K [0x0000000715b00000, 0x00000007be580000, 0x00000007c0000000)
  eden space 1879552K, 100% used [0x0000000715b00000,0x0000000788680000,0x0000000788680000)
  from space 31744K, 98% used [0x0000000788680000,0x000000078a52bee8,0x000000078a580000)
  to   space 441856K, 0% used [0x00000007a3600000,0x00000007a3600000,0x00000007be580000)
 ParOldGen       total 3929600K, used 3526952K [0x00000005c1000000, 0x00000006b0d80000, 0x0000000715b00000)
  object space 3929600K, 89% used [0x00000005c1000000,0x000000069844a398,0x00000006b0d80000)
 Metaspace       used 103444K, capacity 107730K, committed 109440K, reserved 1142784K
  class space    used 14133K, capacity 15161K, committed 15744K, reserved 1048576K
Event: 277.471 GC heap after
Heap after GC invocations=170 (full 16):
 PSYoungGen      total 2344448K, used 101880K [0x0000000715b00000, 0x00000007c0000000, 0x00000007c0000000)
  eden space 1902592K, 0% used [0x0000000715b00000,0x0000000715b00000,0x0000000789d00000)
  from space 441856K, 23% used [0x00000007a3600000,0x00000007a997e238,0x00000007be580000)
  to   space 418816K, 0% used [0x0000000789d00000,0x0000000789d00000,0x00000007a3600000)
 ParOldGen       total 3929600K, used 3527436K [0x00000005c1000000, 0x00000006b0d80000, 0x0000000715b00000)
  object space 3929600K, 89% used [0x00000005c1000000,0x00000006984c3170,0x00000006b0d80000)
 Metaspace       used 103444K, capacity 107730K, committed 109440K, reserved 1142784K
  class space    used 14133K, capacity 15161K, committed 15744K, reserved 1048576K
}
Event: 281.818 GC heap before
{Heap before GC invocations=171 (full 16):
 PSYoungGen      total 2344448K, used 2004472K [0x0000000715b00000, 0x00000007c0000000, 0x00000007c0000000)
  eden space 1902592K, 100% used [0x0000000715b00000,0x0000000789d00000,0x0000000789d00000)
  from space 441856K, 23% used [0x00000007a3600000,0x00000007a997e238,0x00000007be580000)
  to   space 418816K, 0% used [0x0000000789d00000,0x0000000789d00000,0x00000007a3600000)
 ParOldGen       total 3929600K, used 3527436K [0x00000005c1000000, 0x00000006b0d80000, 0x0000000715b00000)
  object space 3929600K, 89% used [0x00000005c1000000,0x00000006984c3170,0x00000006b0d80000)
 Metaspace       used 103838K, capacity 108272K, committed 109952K, reserved 1142784K
  class space    used 14164K, capacity 15240K, committed 15744K, reserved 1048576K
Event: 281.880 GC heap after
Heap after GC invocations=171 (full 16):
 PSYoungGen      total 2321408K, used 7257K [0x0000000715b00000, 0x00000007bde80000, 0x00000007c0000000)
  eden space 1902592K, 0% used [0x0000000715b00000,0x0000000715b00000,0x0000000789d00000)
  from space 418816K, 1% used [0x0000000789d00000,0x000000078a4167d0,0x00000007a3600000)
  to   space 413184K, 0% used [0x00000007a4b00000,0x00000007a4b00000,0x00000007bde80000)
 ParOldGen       total 3929600K, used 3528257K [0x00000005c1000000, 0x00000006b0d80000, 0x0000000715b00000)
  object space 3929600K, 89% used [0x00000005c1000000,0x0000000698590460,0x00000006b0d80000)
 Metaspace       used 103838K, capacity 108272K, committed 109952K, reserved 1142784K
  class space    used 14164K, capacity 15240K, committed 15744K, reserved 1048576K
}
Event: 286.552 GC heap before
{Heap before GC invocations=172 (full 16):
 PSYoungGen      total 2321408K, used 1909849K [0x0000000715b00000, 0x00000007bde80000, 0x00000007c0000000)
  eden space 1902592K, 100% used [0x0000000715b00000,0x0000000789d00000,0x0000000789d00000)
  from space 418816K, 1% used [0x0000000789d00000,0x000000078a4167d0,0x00000007a3600000)
  to   space 413184K, 0% used [0x00000007a4b00000,0x00000007a4b00000,0x00000007bde80000)
 ParOldGen       total 3929600K, used 3528257K [0x00000005c1000000, 0x00000006b0d80000, 0x0000000715b00000)
  object space 3929600K, 89% used [0x00000005c1000000,0x0000000698590460,0x00000006b0d80000)
 Metaspace       used 104106K, capacity 108766K, committed 109952K, reserved 1142784K
  class space    used 14207K, capacity 15378K, committed 15744K, reserved 1048576K
Event: 286.645 GC heap after
Heap after GC invocations=172 (full 16):
 PSYoungGen      total 2354176K, used 156788K [0x0000000715b00000, 0x00000007bd880000, 0x00000007c0000000)
  eden space 1947136K, 0% used [0x0000000715b00000,0x0000000715b00000,0x000000078c880000)
  from space 407040K, 38% used [0x00000007a4b00000,0x00000007ae41d160,0x00000007bd880000)
  to   space 395776K, 0% used [0x000000078c880000,0x000000078c880000,0x00000007a4b00000)
 ParOldGen       total 3929600K, used 3532758K [0x00000005c1000000, 0x00000006b0d80000, 0x0000000715b00000)
  object space 3929600K, 89% used [0x00000005c1000000,0x00000006989f5888,0x00000006b0d80000)
 Metaspace       used 104106K, capacity 108766K, committed 109952K, reserved 1142784K
  class space    used 14207K, capacity 15378K, committed 15744K, reserved 1048576K
}
Event: 287.638 GC heap before
{Heap before GC invocations=173 (full 16):
 PSYoungGen      total 2354176K, used 2103924K [0x0000000715b00000, 0x00000007bd880000, 0x00000007c0000000)
  eden space 1947136K, 100% used [0x0000000715b00000,0x000000078c880000,0x000000078c880000)
  from space 407040K, 38% used [0x00000007a4b00000,0x00000007ae41d160,0x00000007bd880000)
  to   space 395776K, 0% used [0x000000078c880000,0x000000078c880000,0x00000007a4b00000)
 ParOldGen       total 3929600K, used 3532758K [0x00000005c1000000, 0x00000006b0d80000, 0x0000000715b00000)
  object space 3929600K, 89% used [0x00000005c1000000,0x00000006989f5888,0x00000006b0d80000)
 Metaspace       used 104106K, capacity 108766K, committed 109952K, reserved 1142784K
  class space    used 14207K, capacity 15378K, committed 15744K, reserved 1048576K
Event: 287.783 GC heap after
Heap after GC invocations=173 (full 16):
 PSYoungGen      total 2342912K, used 11291K [0x0000000715b00000, 0x00000007be800000, 0x00000007c0000000)
  eden space 1947136K, 0% used [0x0000000715b00000,0x0000000715b00000,0x000000078c880000)
  from space 395776K, 2% used [0x000000078c880000,0x000000078d386f30,0x00000007a4b00000)
  to   space 389120K, 0% used [0x00000007a6c00000,0x00000007a6c00000,0x00000007be800000)
 ParOldGen       total 3929600K, used 3732764K [0x00000005c1000000, 0x00000006b0d80000, 0x0000000715b00000)
  object space 3929600K, 94% used [0x00000005c1000000,0x00000006a4d47028,0x00000006b0d80000)
 Metaspace       used 104106K, capacity 108766K, committed 109952K, reserved 1142784K
  class space    used 14207K, capacity 15378K, committed 15744K, reserved 1048576K
}
Event: 287.783 GC heap before
{Heap before GC invocations=174 (full 17):
 PSYoungGen      total 2342912K, used 11291K [0x0000000715b00000, 0x00000007be800000, 0x00000007c0000000)
  eden space 1947136K, 0% used [0x0000000715b00000,0x0000000715b00000,0x000000078c880000)
  from space 395776K, 2% used [0x000000078c880000,0x000000078d386f30,0x00000007a4b00000)
  to   space 389120K, 0% used [0x00000007a6c00000,0x00000007a6c00000,0x00000007be800000)
 ParOldGen       total 3929600K, used 3732764K [0x00000005c1000000, 0x00000006b0d80000, 0x0000000715b00000)
  object space 3929600K, 94% used [0x00000005c1000000,0x00000006a4d47028,0x00000006b0d80000)
 Metaspace       used 104106K, capacity 108766K, committed 109952K, reserved 1142784K
  class space    used 14207K, capacity 15378K, committed 15744K, reserved 1048576K
Event: 288.428 GC heap after
Heap after GC invocations=174 (full 17):
 PSYoungGen      total 2342912K, used 0K [0x0000000715b00000, 0x00000007be800000, 0x00000007c0000000)
  eden space 1947136K, 0% used [0x0000000715b00000,0x0000000715b00000,0x000000078c880000)
  from space 395776K, 0% used [0x000000078c880000,0x000000078c880000,0x00000007a4b00000)
  to   space 389120K, 0% used [0x00000007a6c00000,0x00000007a6c00000,0x00000007be800000)
 ParOldGen       total 4158976K, used 3286449K [0x00000005c1000000, 0x00000006bed80000, 0x0000000715b00000)
  object space 4158976K, 79% used [0x00000005c1000000,0x000000068996c700,0x00000006bed80000)
 Metaspace       used 101351K, capacity 103496K, committed 109952K, reserved 1142784K
  class space    used 13740K, capacity 14277K, committed 15744K, reserved 1048576K
}

