# JRE version: Java(TM) SE Runtime Environment (8.0_281-b09) (build 1.8.0_281-b09)
# Java VM: Java HotSpot(TM) 64-Bit Server VM (25.281-b09 mixed mode windows-amd64 compressed oops)
Heap:
 PSYoungGen      total 2554368K, used 2026987K [0x0000000715b00000, 0x00000007c0000000, 0x00000007c0000000)
  eden space 2334720K, 83% used [0x0000000715b00000,0x000000078c120c08,0x00000007a4300000)
  from space 219648K, 39% used [0x00000007b2980000,0x00000007b7eda0a8,0x00000007c0000000)
  to   space 227840K, 0% used [0x00000007a4300000,0x00000007a4300000,0x00000007b2180000)
 ParOldGen       total 3254272K, used 2898436K [0x00000005c1000000, 0x0000000687a00000, 0x0000000715b00000)
  object space 3254272K, 89% used [0x00000005c1000000,0x0000000671e812a0,0x0000000687a00000)
 Metaspace       used 91618K, capacity 93052K, committed 93184K, reserved 1128448K
  class space    used 12946K, capacity 13292K, committed 13312K, reserved 1048576K
GC Heap History (10 events):
Event: 188.289 GC heap before
{Heap before GC invocations=168 (full 20):
 PSYoungGen      total 2553856K, used 157721K [0x0000000715b00000, 0x00000007bf900000, 0x00000007c0000000)
  eden space 2329600K, 0% used [0x0000000715b00000,0x0000000715b00000,0x00000007a3e00000)
  from space 224256K, 70% used [0x00000007b1e00000,0x00000007bb806500,0x00000007bf900000)
  to   space 226816K, 0% used [0x00000007a3e00000,0x00000007a3e00000,0x00000007b1b80000)
 ParOldGen       total 3254272K, used 3155517K [0x00000005c1000000, 0x0000000687a00000, 0x0000000715b00000)
  object space 3254272K, 96% used [0x00000005c1000000,0x000000068198f720,0x0000000687a00000)
 Metaspace       used 91287K, capacity 92658K, committed 92928K, reserved 1128448K
  class space    used 12906K, capacity 13237K, committed 13312K, reserved 1048576K
Event: 188.444 GC heap after
Heap after GC invocations=168 (full 20):
 PSYoungGen      total 2553856K, used 0K [0x0000000715b00000, 0x00000007bf900000, 0x00000007c0000000)
  eden space 2329600K, 0% used [0x0000000715b00000,0x0000000715b00000,0x00000007a3e00000)
  from space 224256K, 0% used [0x00000007b1e00000,0x00000007b1e00000,0x00000007bf900000)
  to   space 226816K, 0% used [0x00000007a3e00000,0x00000007a3e00000,0x00000007b1b80000)
 ParOldGen       total 3254272K, used 2747860K [0x00000005c1000000, 0x0000000687a00000, 0x0000000715b00000)
  object space 3254272K, 84% used [0x00000005c1000000,0x0000000668b75068,0x0000000687a00000)
 Metaspace       used 91287K, capacity 92658K, committed 92928K, reserved 1128448K
  class space    used 12906K, capacity 13237K, committed 13312K, reserved 1048576K
}
Event: 189.164 GC heap before
{Heap before GC invocations=169 (full 20):
 PSYoungGen      total 2553856K, used 2329600K [0x0000000715b00000, 0x00000007bf900000, 0x00000007c0000000)
  eden space 2329600K, 100% used [0x0000000715b00000,0x00000007a3e00000,0x00000007a3e00000)
  from space 224256K, 0% used [0x00000007b1e00000,0x00000007b1e00000,0x00000007bf900000)
  to   space 226816K, 0% used [0x00000007a3e00000,0x00000007a3e00000,0x00000007b1b80000)
 ParOldGen       total 3254272K, used 2747860K [0x00000005c1000000, 0x0000000687a00000, 0x0000000715b00000)
  object space 3254272K, 84% used [0x00000005c1000000,0x0000000668b75068,0x0000000687a00000)
 Metaspace       used 91292K, capacity 92658K, committed 92928K, reserved 1128448K
  class space    used 12906K, capacity 13237K, committed 13312K, reserved 1048576K
Event: 189.201 GC heap after
Heap after GC invocations=169 (full 20):
 PSYoungGen      total 2556416K, used 159690K [0x0000000715b00000, 0x00000007bfc80000, 0x00000007c0000000)
  eden space 2329600K, 0% used [0x0000000715b00000,0x0000000715b00000,0x00000007a3e00000)
  from space 226816K, 70% used [0x00000007a3e00000,0x00000007ad9f2af0,0x00000007b1b80000)
  to   space 223744K, 0% used [0x00000007b2200000,0x00000007b2200000,0x00000007bfc80000)
 ParOldGen       total 3254272K, used 2747860K [0x00000005c1000000, 0x0000000687a00000, 0x0000000715b00000)
  object space 3254272K, 84% used [0x00000005c1000000,0x0000000668b75068,0x0000000687a00000)
 Metaspace       used 91292K, capacity 92658K, committed 92928K, reserved 1128448K
  class space    used 12906K, capacity 13237K, committed 13312K, reserved 1048576K
}
Event: 190.195 GC heap before
{Heap before GC invocations=170 (full 20):
 PSYoungGen      total 2556416K, used 2489290K [0x0000000715b00000, 0x00000007bfc80000, 0x00000007c0000000)
  eden space 2329600K, 100% used [0x0000000715b00000,0x00000007a3e00000,0x00000007a3e00000)
  from space 226816K, 70% used [0x00000007a3e00000,0x00000007ad9f2af0,0x00000007b1b80000)
  to   space 223744K, 0% used [0x00000007b2200000,0x00000007b2200000,0x00000007bfc80000)
 ParOldGen       total 3254272K, used 2747860K [0x00000005c1000000, 0x0000000687a00000, 0x0000000715b00000)
  object space 3254272K, 84% used [0x00000005c1000000,0x0000000668b75068,0x0000000687a00000)
 Metaspace       used 91292K, capacity 92658K, committed 92928K, reserved 1128448K
  class space    used 12906K, capacity 13237K, committed 13312K, reserved 1048576K
Event: 190.283 GC heap after
Heap after GC invocations=170 (full 20):
 PSYoungGen      total 2553856K, used 170601K [0x0000000715b00000, 0x00000007bf300000, 0x00000007c0000000)
  eden space 2339840K, 0% used [0x0000000715b00000,0x0000000715b00000,0x00000007a4800000)
  from space 214016K, 79% used [0x00000007b2200000,0x00000007bc89a478,0x00000007bf300000)
  to   space 218624K, 0% used [0x00000007a4800000,0x00000007a4800000,0x00000007b1d80000)
 ParOldGen       total 3254272K, used 2800648K [0x00000005c1000000, 0x0000000687a00000, 0x0000000715b00000)
  object space 3254272K, 86% used [0x00000005c1000000,0x000000066bf022f8,0x0000000687a00000)
 Metaspace       used 91292K, capacity 92658K, committed 92928K, reserved 1128448K
  class space    used 12906K, capacity 13237K, committed 13312K, reserved 1048576K
}
Event: 191.384 GC heap before
{Heap before GC invocations=171 (full 20):
 PSYoungGen      total 2553856K, used 2510441K [0x0000000715b00000, 0x00000007bf300000, 0x00000007c0000000)
  eden space 2339840K, 100% used [0x0000000715b00000,0x00000007a4800000,0x00000007a4800000)
  from space 214016K, 79% used [0x00000007b2200000,0x00000007bc89a478,0x00000007bf300000)
  to   space 218624K, 0% used [0x00000007a4800000,0x00000007a4800000,0x00000007b1d80000)
 ParOldGen       total 3254272K, used 2800648K [0x00000005c1000000, 0x0000000687a00000, 0x0000000715b00000)
  object space 3254272K, 86% used [0x00000005c1000000,0x000000066bf022f8,0x0000000687a00000)
 Metaspace       used 91292K, capacity 92658K, committed 92928K, reserved 1128448K
  class space    used 12906K, capacity 13237K, committed 13312K, reserved 1048576K
Event: 191.410 GC heap after
Heap after GC invocations=171 (full 20):
 PSYoungGen      total 2558464K, used 136656K [0x0000000715b00000, 0x00000007c0000000, 0x00000007c0000000)
  eden space 2339840K, 0% used [0x0000000715b00000,0x0000000715b00000,0x00000007a4800000)
  from space 218624K, 62% used [0x00000007a4800000,0x00000007acd743b8,0x00000007b1d80000)
  to   space 219648K, 0% used [0x00000007b2980000,0x00000007b2980000,0x00000007c0000000)
 ParOldGen       total 3254272K, used 2862749K [0x00000005c1000000, 0x0000000687a00000, 0x0000000715b00000)
  object space 3254272K, 87% used [0x00000005c1000000,0x000000066fba7578,0x0000000687a00000)
 Metaspace       used 91292K, capacity 92658K, committed 92928K, reserved 1128448K
  class space    used 12906K, capacity 13237K, committed 13312K, reserved 1048576K
}
Event: 193.223 GC heap before
{Heap before GC invocations=172 (full 20):
 PSYoungGen      total 2558464K, used 2476482K [0x0000000715b00000, 0x00000007c0000000, 0x00000007c0000000)
  eden space 2339840K, 99% used [0x0000000715b00000,0x00000007a47fc6d8,0x00000007a4800000)
  from space 218624K, 62% used [0x00000007a4800000,0x00000007acd743b8,0x00000007b1d80000)
  to   space 219648K, 0% used [0x00000007b2980000,0x00000007b2980000,0x00000007c0000000)
 ParOldGen       total 3254272K, used 2862749K [0x00000005c1000000, 0x0000000687a00000, 0x0000000715b00000)
  object space 3254272K, 87% used [0x00000005c1000000,0x000000066fba7578,0x0000000687a00000)
 Metaspace       used 91334K, capacity 92754K, committed 92928K, reserved 1128448K
  class space    used 12911K, capacity 13269K, committed 13312K, reserved 1048576K
Event: 193.340 GC heap after
Heap after GC invocations=172 (full 20):
 PSYoungGen      total 2554368K, used 87400K [0x0000000715b00000, 0x00000007c0000000, 0x00000007c0000000)
  eden space 2334720K, 0% used [0x0000000715b00000,0x0000000715b00000,0x00000007a4300000)
  from space 219648K, 39% used [0x00000007b2980000,0x00000007b7eda0a8,0x00000007c0000000)
  to   space 227840K, 0% used [0x00000007a4300000,0x00000007a4300000,0x00000007b2180000)
 ParOldGen       total 3254272K, used 2898436K [0x00000005c1000000, 0x0000000687a00000, 0x0000000715b00000)
  object space 3254272K, 89% used [0x00000005c1000000,0x0000000671e812a0,0x0000000687a00000)
 Metaspace       used 91334K, capacity 92754K, committed 92928K, reserved 1128448K
  class space    used 12911K, capacity 13269K, committed 13312K, reserved 1048576K
}

