# JRE version: Java(TM) SE Runtime Environment (8.0_281-b09) (build 1.8.0_281-b09)
# Java VM: Java HotSpot(TM) 64-Bit Server VM (25.281-b09 mixed mode windows-amd64 compressed oops)
Heap:
 PSYoungGen      total 2180096K, used 939397K [0x0000000715b00000, 0x00000007be600000, 0x00000007c0000000)
  eden space 1587200K, 56% used [0x0000000715b00000,0x000000074c3aa680,0x0000000776900000)
  from space 592896K, 7% used [0x0000000776900000,0x00000007795b6ff8,0x000000079ac00000)
  to   space 574976K, 0% used [0x000000079b480000,0x000000079b480000,0x00000007be600000)
 ParOldGen       total 2878976K, used 1869400K [0x00000005c1000000, 0x0000000670b80000, 0x0000000715b00000)
  object space 2878976K, 64% used [0x00000005c1000000,0x0000000633196250,0x0000000670b80000)
 Metaspace       used 99569K, capacity 102748K, committed 102912K, reserved 1138688K
  class space    used 13813K, capacity 14507K, committed 14592K, reserved 1048576K
GC Heap History (10 events):
Event: 151.542 GC heap before
{Heap before GC invocations=70 (full 12):
 PSYoungGen      total 2222592K, used 1755894K [0x0000000715b00000, 0x00000007c0000000, 0x00000007c0000000)
  eden space 1699328K, 100% used [0x0000000715b00000,0x000000077d680000,0x000000077d680000)
  from space 523264K, 10% used [0x000000077d680000,0x0000000780dbdbb0,0x000000079d580000)
  to   space 517120K, 0% used [0x00000007a0700000,0x00000007a0700000,0x00000007c0000000)
 ParOldGen       total 2193920K, used 1636071K [0x00000005c1000000, 0x0000000646e80000, 0x0000000715b00000)
  object space 2193920K, 74% used [0x00000005c1000000,0x0000000624db9e00,0x0000000646e80000)
 Metaspace       used 98191K, capacity 100984K, committed 101120K, reserved 1136640K
  class space    used 13684K, capacity 14282K, committed 14336K, reserved 1048576K
Event: 151.654 GC heap after
Heap after GC invocations=70 (full 12):
 PSYoungGen      total 2103296K, used 509182K [0x0000000715b00000, 0x00000007c0000000, 0x00000007c0000000)
  eden space 1586176K, 0% used [0x0000000715b00000,0x0000000715b00000,0x0000000776800000)
  from space 517120K, 98% used [0x00000007a0700000,0x00000007bf83fbe0,0x00000007c0000000)
  to   space 602112K, 0% used [0x0000000776800000,0x0000000776800000,0x000000079b400000)
 ParOldGen       total 2193920K, used 1834448K [0x00000005c1000000, 0x0000000646e80000, 0x0000000715b00000)
  object space 2193920K, 83% used [0x00000005c1000000,0x0000000630f74150,0x0000000646e80000)
 Metaspace       used 98191K, capacity 100984K, committed 101120K, reserved 1136640K
  class space    used 13684K, capacity 14282K, committed 14336K, reserved 1048576K
}
Event: 154.573 GC heap before
{Heap before GC invocations=71 (full 12):
 PSYoungGen      total 2103296K, used 2095358K [0x0000000715b00000, 0x00000007c0000000, 0x00000007c0000000)
  eden space 1586176K, 100% used [0x0000000715b00000,0x0000000776800000,0x0000000776800000)
  from space 517120K, 98% used [0x00000007a0700000,0x00000007bf83fbe0,0x00000007c0000000)
  to   space 602112K, 0% used [0x0000000776800000,0x0000000776800000,0x000000079b400000)
 ParOldGen       total 2193920K, used 1834448K [0x00000005c1000000, 0x0000000646e80000, 0x0000000715b00000)
  object space 2193920K, 83% used [0x00000005c1000000,0x0000000630f74150,0x0000000646e80000)
 Metaspace       used 98862K, capacity 101966K, committed 102272K, reserved 1136640K
  class space    used 13766K, capacity 14388K, committed 14464K, reserved 1048576K
Event: 154.855 GC heap after
Heap after GC invocations=71 (full 12):
 PSYoungGen      total 2188288K, used 6020K [0x0000000715b00000, 0x00000007c0000000, 0x00000007c0000000)
  eden space 1586176K, 0% used [0x0000000715b00000,0x0000000715b00000,0x0000000776800000)
  from space 602112K, 0% used [0x0000000776800000,0x0000000776de1348,0x000000079b400000)
  to   space 601088K, 0% used [0x000000079b500000,0x000000079b500000,0x00000007c0000000)
 ParOldGen       total 2493440K, used 2467389K [0x00000005c1000000, 0x0000000659300000, 0x0000000715b00000)
  object space 2493440K, 98% used [0x00000005c1000000,0x000000065798f740,0x0000000659300000)
 Metaspace       used 98862K, capacity 101966K, committed 102272K, reserved 1136640K
  class space    used 13766K, capacity 14388K, committed 14464K, reserved 1048576K
}
Event: 154.855 GC heap before
{Heap before GC invocations=72 (full 13):
 PSYoungGen      total 2188288K, used 6020K [0x0000000715b00000, 0x00000007c0000000, 0x00000007c0000000)
  eden space 1586176K, 0% used [0x0000000715b00000,0x0000000715b00000,0x0000000776800000)
  from space 602112K, 0% used [0x0000000776800000,0x0000000776de1348,0x000000079b400000)
  to   space 601088K, 0% used [0x000000079b500000,0x000000079b500000,0x00000007c0000000)
 ParOldGen       total 2493440K, used 2467389K [0x00000005c1000000, 0x0000000659300000, 0x0000000715b00000)
  object space 2493440K, 98% used [0x00000005c1000000,0x000000065798f740,0x0000000659300000)
 Metaspace       used 98862K, capacity 101966K, committed 102272K, reserved 1136640K
  class space    used 13766K, capacity 14388K, committed 14464K, reserved 1048576K
Event: 155.164 GC heap after
Heap after GC invocations=72 (full 13):
 PSYoungGen      total 2188288K, used 0K [0x0000000715b00000, 0x00000007c0000000, 0x00000007c0000000)
  eden space 1586176K, 0% used [0x0000000715b00000,0x0000000715b00000,0x0000000776800000)
  from space 602112K, 0% used [0x0000000776800000,0x0000000776800000,0x000000079b400000)
  to   space 601088K, 0% used [0x000000079b500000,0x000000079b500000,0x00000007c0000000)
 ParOldGen       total 2878976K, used 1866479K [0x00000005c1000000, 0x0000000670b80000, 0x0000000715b00000)
  object space 2878976K, 64% used [0x00000005c1000000,0x0000000632ebbeb0,0x0000000670b80000)
 Metaspace       used 98388K, capacity 101060K, committed 102272K, reserved 1136640K
  class space    used 13690K, capacity 14205K, committed 14464K, reserved 1048576K
}
Event: 158.685 GC heap before
{Heap before GC invocations=73 (full 13):
 PSYoungGen      total 2188288K, used 1586176K [0x0000000715b00000, 0x00000007c0000000, 0x00000007c0000000)
  eden space 1586176K, 100% used [0x0000000715b00000,0x0000000776800000,0x0000000776800000)
  from space 602112K, 0% used [0x0000000776800000,0x0000000776800000,0x000000079b400000)
  to   space 601088K, 0% used [0x000000079b500000,0x000000079b500000,0x00000007c0000000)
 ParOldGen       total 2878976K, used 1866479K [0x00000005c1000000, 0x0000000670b80000, 0x0000000715b00000)
  object space 2878976K, 64% used [0x00000005c1000000,0x0000000632ebbeb0,0x0000000670b80000)
 Metaspace       used 98750K, capacity 101554K, committed 102272K, reserved 1136640K
  class space    used 13727K, capacity 14298K, committed 14464K, reserved 1048576K
Event: 158.705 GC heap after
Heap after GC invocations=73 (full 13):
 PSYoungGen      total 2170880K, used 14647K [0x0000000715b00000, 0x00000007bef00000, 0x00000007c0000000)
  eden space 1587200K, 0% used [0x0000000715b00000,0x0000000715b00000,0x0000000776900000)
  from space 583680K, 2% used [0x000000079b500000,0x000000079c34df00,0x00000007bef00000)
  to   space 592896K, 0% used [0x0000000776900000,0x0000000776900000,0x000000079ac00000)
 ParOldGen       total 2878976K, used 1866487K [0x00000005c1000000, 0x0000000670b80000, 0x0000000715b00000)
  object space 2878976K, 64% used [0x00000005c1000000,0x0000000632ebdeb0,0x0000000670b80000)
 Metaspace       used 98750K, capacity 101554K, committed 102272K, reserved 1136640K
  class space    used 13727K, capacity 14298K, committed 14464K, reserved 1048576K
}
Event: 164.728 GC heap before
{Heap before GC invocations=74 (full 13):
 PSYoungGen      total 2170880K, used 1601847K [0x0000000715b00000, 0x00000007bef00000, 0x00000007c0000000)
  eden space 1587200K, 100% used [0x0000000715b00000,0x0000000776900000,0x0000000776900000)
  from space 583680K, 2% used [0x000000079b500000,0x000000079c34df00,0x00000007bef00000)
  to   space 592896K, 0% used [0x0000000776900000,0x0000000776900000,0x000000079ac00000)
 ParOldGen       total 2878976K, used 1866487K [0x00000005c1000000, 0x0000000670b80000, 0x0000000715b00000)
  object space 2878976K, 64% used [0x00000005c1000000,0x0000000632ebdeb0,0x0000000670b80000)
 Metaspace       used 99386K, capacity 102478K, committed 102656K, reserved 1136640K
  class space    used 13793K, capacity 14485K, committed 14592K, reserved 1048576K
Event: 164.758 GC heap after
Heap after GC invocations=74 (full 13):
 PSYoungGen      total 2180096K, used 45787K [0x0000000715b00000, 0x00000007be600000, 0x00000007c0000000)
  eden space 1587200K, 0% used [0x0000000715b00000,0x0000000715b00000,0x0000000776900000)
  from space 592896K, 7% used [0x0000000776900000,0x00000007795b6ff8,0x000000079ac00000)
  to   space 574976K, 0% used [0x000000079b480000,0x000000079b480000,0x00000007be600000)
 ParOldGen       total 2878976K, used 1869400K [0x00000005c1000000, 0x0000000670b80000, 0x0000000715b00000)
  object space 2878976K, 64% used [0x00000005c1000000,0x0000000633196250,0x0000000670b80000)
 Metaspace       used 99386K, capacity 102478K, committed 102656K, reserved 1136640K
  class space    used 13793K, capacity 14485K, committed 14592K, reserved 1048576K
}

