# JRE version: Java(TM) SE Runtime Environment (8.0_281-b09) (build 1.8.0_281-b09)
# Java VM: Java HotSpot(TM) 64-Bit Server VM (25.281-b09 mixed mode windows-amd64 compressed oops)
Heap:
 PSYoungGen      total 527360K, used 175110K [0x0000000715b00000, 0x0000000751e80000, 0x00000007c0000000)
  eden space 500224K, 31% used [0x0000000715b00000,0x000000071f5ac5d0,0x0000000734380000)
  from space 27136K, 61% used [0x0000000734380000,0x00000007353d5330,0x0000000735e00000)
  to   space 27136K, 0% used [0x0000000750400000,0x0000000750400000,0x0000000751e80000)
 ParOldGen       total 192000K, used 35054K [0x00000005c1000000, 0x00000005ccb80000, 0x0000000715b00000)
  object space 192000K, 18% used [0x00000005c1000000,0x00000005c323b870,0x00000005ccb80000)
 Metaspace       used 71225K, capacity 71604K, committed 71936K, reserved 1110016K
  class space    used 10367K, capacity 10473K, committed 10496K, reserved 1048576K
GC Heap History (10 events):
Event: 36.134 GC heap before
{Heap before GC invocations=6 (full 1):
 PSYoungGen      total 276480K, used 59765K [0x0000000715b00000, 0x0000000728200000, 0x00000007c0000000)
  eden space 259072K, 17% used [0x0000000715b00000,0x00000007187b6428,0x0000000725800000)
  from space 17408K, 80% used [0x0000000727100000,0x0000000727ea71c0,0x0000000728200000)
  to   space 21504K, 0% used [0x0000000725800000,0x0000000725800000,0x0000000726d00000)
 ParOldGen       total 140288K, used 5001K [0x00000005c1000000, 0x00000005c9900000, 0x0000000715b00000)
  object space 140288K, 3% used [0x00000005c1000000,0x00000005c14e2750,0x00000005c9900000)
 Metaspace       used 35486K, capacity 35720K, committed 36048K, reserved 1081344K
  class space    used 5051K, capacity 5136K, committed 5248K, reserved 1048576K
Event: 36.224 GC heap after
Heap after GC invocations=6 (full 1):
 PSYoungGen      total 280576K, used 8273K [0x0000000715b00000, 0x0000000737100000, 0x00000007c0000000)
  eden space 259072K, 0% used [0x0000000715b00000,0x0000000715b00000,0x0000000725800000)
  from space 21504K, 38% used [0x0000000725800000,0x0000000726014748,0x0000000726d00000)
  to   space 18944K, 0% used [0x0000000735e80000,0x0000000735e80000,0x0000000737100000)
 ParOldGen       total 140288K, used 5009K [0x00000005c1000000, 0x00000005c9900000, 0x0000000715b00000)
  object space 140288K, 3% used [0x00000005c1000000,0x00000005c14e4750,0x00000005c9900000)
 Metaspace       used 35486K, capacity 35720K, committed 36048K, reserved 1081344K
  class space    used 5051K, capacity 5136K, committed 5248K, reserved 1048576K
}
Event: 36.224 GC heap before
{Heap before GC invocations=7 (full 2):
 PSYoungGen      total 280576K, used 8273K [0x0000000715b00000, 0x0000000737100000, 0x00000007c0000000)
  eden space 259072K, 0% used [0x0000000715b00000,0x0000000715b00000,0x0000000725800000)
  from space 21504K, 38% used [0x0000000725800000,0x0000000726014748,0x0000000726d00000)
  to   space 18944K, 0% used [0x0000000735e80000,0x0000000735e80000,0x0000000737100000)
 ParOldGen       total 140288K, used 5009K [0x00000005c1000000, 0x00000005c9900000, 0x0000000715b00000)
  object space 140288K, 3% used [0x00000005c1000000,0x00000005c14e4750,0x00000005c9900000)
 Metaspace       used 35486K, capacity 35720K, committed 36048K, reserved 1081344K
  class space    used 5051K, capacity 5136K, committed 5248K, reserved 1048576K
Event: 36.318 GC heap after
Heap after GC invocations=7 (full 2):
 PSYoungGen      total 280576K, used 0K [0x0000000715b00000, 0x0000000737100000, 0x00000007c0000000)
  eden space 259072K, 0% used [0x0000000715b00000,0x0000000715b00000,0x0000000725800000)
  from space 21504K, 0% used [0x0000000725800000,0x0000000725800000,0x0000000726d00000)
  to   space 18944K, 0% used [0x0000000735e80000,0x0000000735e80000,0x0000000737100000)
 ParOldGen       total 155648K, used 12323K [0x00000005c1000000, 0x00000005ca800000, 0x0000000715b00000)
  object space 155648K, 7% used [0x00000005c1000000,0x00000005c1c08f38,0x00000005ca800000)
 Metaspace       used 35486K, capacity 35720K, committed 36048K, reserved 1081344K
  class space    used 5051K, capacity 5136K, committed 5248K, reserved 1048576K
}
Event: 49.575 GC heap before
{Heap before GC invocations=8 (full 2):
 PSYoungGen      total 280576K, used 259051K [0x0000000715b00000, 0x0000000737100000, 0x00000007c0000000)
  eden space 259072K, 99% used [0x0000000715b00000,0x00000007257facf8,0x0000000725800000)
  from space 21504K, 0% used [0x0000000725800000,0x0000000725800000,0x0000000726d00000)
  to   space 18944K, 0% used [0x0000000735e80000,0x0000000735e80000,0x0000000737100000)
 ParOldGen       total 155648K, used 12323K [0x00000005c1000000, 0x00000005ca800000, 0x0000000715b00000)
  object space 155648K, 7% used [0x00000005c1000000,0x00000005c1c08f38,0x00000005ca800000)
 Metaspace       used 59377K, capacity 59700K, committed 60080K, reserved 1101824K
  class space    used 8584K, capacity 8684K, committed 8704K, reserved 1048576K
Event: 49.676 GC heap after
Heap after GC invocations=8 (full 2):
 PSYoungGen      total 519168K, used 18914K [0x0000000715b00000, 0x0000000737880000, 0x00000007c0000000)
  eden space 500224K, 0% used [0x0000000715b00000,0x0000000715b00000,0x0000000734380000)
  from space 18944K, 99% used [0x0000000735e80000,0x00000007370f8b60,0x0000000737100000)
  to   space 27136K, 0% used [0x0000000734380000,0x0000000734380000,0x0000000735e00000)
 ParOldGen       total 155648K, used 20145K [0x00000005c1000000, 0x00000005ca800000, 0x0000000715b00000)
  object space 155648K, 12% used [0x00000005c1000000,0x00000005c23ac420,0x00000005ca800000)
 Metaspace       used 59377K, capacity 59700K, committed 60080K, reserved 1101824K
  class space    used 8584K, capacity 8684K, committed 8704K, reserved 1048576K
}
Event: 49.676 GC heap before
{Heap before GC invocations=9 (full 3):
 PSYoungGen      total 519168K, used 18914K [0x0000000715b00000, 0x0000000737880000, 0x00000007c0000000)
  eden space 500224K, 0% used [0x0000000715b00000,0x0000000715b00000,0x0000000734380000)
  from space 18944K, 99% used [0x0000000735e80000,0x00000007370f8b60,0x0000000737100000)
  to   space 27136K, 0% used [0x0000000734380000,0x0000000734380000,0x0000000735e00000)
 ParOldGen       total 155648K, used 20145K [0x00000005c1000000, 0x00000005ca800000, 0x0000000715b00000)
  object space 155648K, 12% used [0x00000005c1000000,0x00000005c23ac420,0x00000005ca800000)
 Metaspace       used 59377K, capacity 59700K, committed 60080K, reserved 1101824K
  class space    used 8584K, capacity 8684K, committed 8704K, reserved 1048576K
Event: 49.950 GC heap after
Heap after GC invocations=9 (full 3):
 PSYoungGen      total 519168K, used 0K [0x0000000715b00000, 0x0000000737880000, 0x00000007c0000000)
  eden space 500224K, 0% used [0x0000000715b00000,0x0000000715b00000,0x0000000734380000)
  from space 18944K, 0% used [0x0000000735e80000,0x0000000735e80000,0x0000000737100000)
  to   space 27136K, 0% used [0x0000000734380000,0x0000000734380000,0x0000000735e00000)
 ParOldGen       total 192000K, used 35046K [0x00000005c1000000, 0x00000005ccb80000, 0x0000000715b00000)
  object space 192000K, 18% used [0x00000005c1000000,0x00000005c3239870,0x00000005ccb80000)
 Metaspace       used 59377K, capacity 59700K, committed 60080K, reserved 1101824K
  class space    used 8584K, capacity 8684K, committed 8704K, reserved 1048576K
}
Event: 57.884 GC heap before
{Heap before GC invocations=10 (full 3):
 PSYoungGen      total 519168K, used 500224K [0x0000000715b00000, 0x0000000737880000, 0x00000007c0000000)
  eden space 500224K, 100% used [0x0000000715b00000,0x0000000734380000,0x0000000734380000)
  from space 18944K, 0% used [0x0000000735e80000,0x0000000735e80000,0x0000000737100000)
  to   space 27136K, 0% used [0x0000000734380000,0x0000000734380000,0x0000000735e00000)
 ParOldGen       total 192000K, used 35046K [0x00000005c1000000, 0x00000005ccb80000, 0x0000000715b00000)
  object space 192000K, 18% used [0x00000005c1000000,0x00000005c3239870,0x00000005ccb80000)
 Metaspace       used 70999K, capacity 71380K, committed 71936K, reserved 1110016K
  class space    used 10337K, capacity 10441K, committed 10496K, reserved 1048576K
Event: 57.896 GC heap after
Heap after GC invocations=10 (full 3):
 PSYoungGen      total 527360K, used 16724K [0x0000000715b00000, 0x0000000751e80000, 0x00000007c0000000)
  eden space 500224K, 0% used [0x0000000715b00000,0x0000000715b00000,0x0000000734380000)
  from space 27136K, 61% used [0x0000000734380000,0x00000007353d5330,0x0000000735e00000)
  to   space 27136K, 0% used [0x0000000750400000,0x0000000750400000,0x0000000751e80000)
 ParOldGen       total 192000K, used 35054K [0x00000005c1000000, 0x00000005ccb80000, 0x0000000715b00000)
  object space 192000K, 18% used [0x00000005c1000000,0x00000005c323b870,0x00000005ccb80000)
 Metaspace       used 70999K, capacity 71380K, committed 71936K, reserved 1110016K
  class space    used 10337K, capacity 10441K, committed 10496K, reserved 1048576K
}

