# JRE version: Java(TM) SE Runtime Environment (8.0_281-b09) (build 1.8.0_281-b09)
# Java VM: Java HotSpot(TM) 64-Bit Server VM (25.281-b09 mixed mode windows-amd64 compressed oops)
Heap:
 PSYoungGen      total 909312K, used 49084K [0x0000000715b00000, 0x000000074f480000, 0x00000007c0000000)
  eden space 899072K, 4% used [0x0000000715b00000,0x0000000718111148,0x000000074c900000)
  from space 10240K, 98% used [0x000000074ea80000,0x000000074f45df38,0x000000074f480000)
  to   space 22016K, 0% used [0x000000074c980000,0x000000074c980000,0x000000074df00000)
 ParOldGen       total 172544K, used 17671K [0x00000005c1000000, 0x00000005cb880000, 0x0000000715b00000)
  object space 172544K, 10% used [0x00000005c1000000,0x00000005c2141ef8,0x00000005cb880000)
 Metaspace       used 67985K, capacity 68462K, committed 68736K, reserved 1107968K
  class space    used 10142K, capacity 10261K, committed 10368K, reserved 1048576K
GC Heap History (10 events):
Event: 20.147 GC heap before
{Heap before GC invocations=7 (full 2):
 PSYoungGen      total 283136K, used 261632K [0x0000000715b00000, 0x0000000728480000, 0x00000007c0000000)
  eden space 261632K, 100% used [0x0000000715b00000,0x0000000725a80000,0x0000000725a80000)
  from space 21504K, 0% used [0x0000000726f80000,0x0000000726f80000,0x0000000728480000)
  to   space 21504K, 0% used [0x0000000725a80000,0x0000000725a80000,0x0000000726f80000)
 ParOldGen       total 154624K, used 12045K [0x00000005c1000000, 0x00000005ca700000, 0x0000000715b00000)
  object space 154624K, 7% used [0x00000005c1000000,0x00000005c1bc3650,0x00000005ca700000)
 Metaspace       used 53734K, capacity 54188K, committed 54528K, reserved 1095680K
  class space    used 7963K, capacity 8090K, committed 8192K, reserved 1048576K
Event: 20.228 GC heap after
Heap after GC invocations=7 (full 2):
 PSYoungGen      total 283136K, used 21490K [0x0000000715b00000, 0x0000000737600000, 0x00000007c0000000)
  eden space 261632K, 0% used [0x0000000715b00000,0x0000000715b00000,0x0000000725a80000)
  from space 21504K, 99% used [0x0000000725a80000,0x0000000726f7cb70,0x0000000726f80000)
  to   space 25088K, 0% used [0x0000000735d80000,0x0000000735d80000,0x0000000737600000)
 ParOldGen       total 154624K, used 12805K [0x00000005c1000000, 0x00000005ca700000, 0x0000000715b00000)
  object space 154624K, 8% used [0x00000005c1000000,0x00000005c1c81680,0x00000005ca700000)
 Metaspace       used 53734K, capacity 54188K, committed 54528K, reserved 1095680K
  class space    used 7963K, capacity 8090K, committed 8192K, reserved 1048576K
}
Event: 20.868 GC heap before
{Heap before GC invocations=8 (full 2):
 PSYoungGen      total 283136K, used 70869K [0x0000000715b00000, 0x0000000737600000, 0x00000007c0000000)
  eden space 261632K, 18% used [0x0000000715b00000,0x0000000718b38900,0x0000000725a80000)
  from space 21504K, 99% used [0x0000000725a80000,0x0000000726f7cb70,0x0000000726f80000)
  to   space 25088K, 0% used [0x0000000735d80000,0x0000000735d80000,0x0000000737600000)
 ParOldGen       total 154624K, used 12805K [0x00000005c1000000, 0x00000005ca700000, 0x0000000715b00000)
  object space 154624K, 8% used [0x00000005c1000000,0x00000005c1c81680,0x00000005ca700000)
 Metaspace       used 58445K, capacity 58834K, committed 59028K, reserved 1099776K
  class space    used 8775K, capacity 8891K, committed 8960K, reserved 1048576K
Event: 20.874 GC heap after
Heap after GC invocations=8 (full 2):
 PSYoungGen      total 514560K, used 8922K [0x0000000715b00000, 0x0000000736f80000, 0x00000007c0000000)
  eden space 496128K, 0% used [0x0000000715b00000,0x0000000715b00000,0x0000000733f80000)
  from space 18432K, 48% used [0x0000000735d80000,0x0000000736636948,0x0000000736f80000)
  to   space 24576K, 0% used [0x0000000733f80000,0x0000000733f80000,0x0000000735780000)
 ParOldGen       total 154624K, used 12813K [0x00000005c1000000, 0x00000005ca700000, 0x0000000715b00000)
  object space 154624K, 8% used [0x00000005c1000000,0x00000005c1c83680,0x00000005ca700000)
 Metaspace       used 58445K, capacity 58834K, committed 59028K, reserved 1099776K
  class space    used 8775K, capacity 8891K, committed 8960K, reserved 1048576K
}
Event: 20.874 GC heap before
{Heap before GC invocations=9 (full 3):
 PSYoungGen      total 514560K, used 8922K [0x0000000715b00000, 0x0000000736f80000, 0x00000007c0000000)
  eden space 496128K, 0% used [0x0000000715b00000,0x0000000715b00000,0x0000000733f80000)
  from space 18432K, 48% used [0x0000000735d80000,0x0000000736636948,0x0000000736f80000)
  to   space 24576K, 0% used [0x0000000733f80000,0x0000000733f80000,0x0000000735780000)
 ParOldGen       total 154624K, used 12813K [0x00000005c1000000, 0x00000005ca700000, 0x0000000715b00000)
  object space 154624K, 8% used [0x00000005c1000000,0x00000005c1c83680,0x00000005ca700000)
 Metaspace       used 58445K, capacity 58834K, committed 59028K, reserved 1099776K
  class space    used 8775K, capacity 8891K, committed 8960K, reserved 1048576K
Event: 20.963 GC heap after
Heap after GC invocations=9 (full 3):
 PSYoungGen      total 514560K, used 0K [0x0000000715b00000, 0x0000000736f80000, 0x00000007c0000000)
  eden space 496128K, 0% used [0x0000000715b00000,0x0000000715b00000,0x0000000733f80000)
  from space 18432K, 0% used [0x0000000735d80000,0x0000000735d80000,0x0000000736f80000)
  to   space 24576K, 0% used [0x0000000733f80000,0x0000000733f80000,0x0000000735780000)
 ParOldGen       total 172544K, used 17663K [0x00000005c1000000, 0x00000005cb880000, 0x0000000715b00000)
  object space 172544K, 10% used [0x00000005c1000000,0x00000005c213fef8,0x00000005cb880000)
 Metaspace       used 58442K, capacity 58828K, committed 59028K, reserved 1099776K
  class space    used 8775K, capacity 8890K, committed 8960K, reserved 1048576K
}
Event: 23.869 GC heap before
{Heap before GC invocations=10 (full 3):
 PSYoungGen      total 514560K, used 496128K [0x0000000715b00000, 0x0000000736f80000, 0x00000007c0000000)
  eden space 496128K, 100% used [0x0000000715b00000,0x0000000733f80000,0x0000000733f80000)
  from space 18432K, 0% used [0x0000000735d80000,0x0000000735d80000,0x0000000736f80000)
  to   space 24576K, 0% used [0x0000000733f80000,0x0000000733f80000,0x0000000735780000)
 ParOldGen       total 172544K, used 17663K [0x00000005c1000000, 0x00000005cb880000, 0x0000000715b00000)
  object space 172544K, 10% used [0x00000005c1000000,0x00000005c213fef8,0x00000005cb880000)
 Metaspace       used 66968K, capacity 67436K, committed 67584K, reserved 1105920K
  class space    used 10061K, capacity 10186K, committed 10240K, reserved 1048576K
Event: 23.918 GC heap after
Heap after GC invocations=10 (full 3):
 PSYoungGen      total 520704K, used 12743K [0x0000000715b00000, 0x0000000750100000, 0x00000007c0000000)
  eden space 496128K, 0% used [0x0000000715b00000,0x0000000715b00000,0x0000000733f80000)
  from space 24576K, 51% used [0x0000000733f80000,0x0000000734bf1e60,0x0000000735780000)
  to   space 23040K, 0% used [0x000000074ea80000,0x000000074ea80000,0x0000000750100000)
 ParOldGen       total 172544K, used 17663K [0x00000005c1000000, 0x00000005cb880000, 0x0000000715b00000)
  object space 172544K, 10% used [0x00000005c1000000,0x00000005c213fef8,0x00000005cb880000)
 Metaspace       used 66968K, capacity 67436K, committed 67584K, reserved 1105920K
  class space    used 10061K, capacity 10186K, committed 10240K, reserved 1048576K
}
Event: 25.041 GC heap before
{Heap before GC invocations=11 (full 3):
 PSYoungGen      total 520704K, used 508871K [0x0000000715b00000, 0x0000000750100000, 0x00000007c0000000)
  eden space 496128K, 100% used [0x0000000715b00000,0x0000000733f80000,0x0000000733f80000)
  from space 24576K, 51% used [0x0000000733f80000,0x0000000734bf1e60,0x0000000735780000)
  to   space 23040K, 0% used [0x000000074ea80000,0x000000074ea80000,0x0000000750100000)
 ParOldGen       total 172544K, used 17663K [0x00000005c1000000, 0x00000005cb880000, 0x0000000715b00000)
  object space 172544K, 10% used [0x00000005c1000000,0x00000005c213fef8,0x00000005cb880000)
 Metaspace       used 67825K, capacity 68334K, committed 68736K, reserved 1107968K
  class space    used 10124K, capacity 10261K, committed 10368K, reserved 1048576K
Event: 25.078 GC heap after
Heap after GC invocations=11 (full 3):
 PSYoungGen      total 909312K, used 10103K [0x0000000715b00000, 0x000000074f480000, 0x00000007c0000000)
  eden space 899072K, 0% used [0x0000000715b00000,0x0000000715b00000,0x000000074c900000)
  from space 10240K, 98% used [0x000000074ea80000,0x000000074f45df38,0x000000074f480000)
  to   space 22016K, 0% used [0x000000074c980000,0x000000074c980000,0x000000074df00000)
 ParOldGen       total 172544K, used 17671K [0x00000005c1000000, 0x00000005cb880000, 0x0000000715b00000)
  object space 172544K, 10% used [0x00000005c1000000,0x00000005c2141ef8,0x00000005cb880000)
 Metaspace       used 67825K, capacity 68334K, committed 68736K, reserved 1107968K
  class space    used 10124K, capacity 10261K, committed 10368K, reserved 1048576K
}

